Running 'gradlew :app:assembleRelease' in /home/expo/workingdir/build/LectorFlow/android
Welcome to Gradle 8.13!
Here are the highlights of this release:
- Daemon JVM auto-provisioning
 - Enhancements for Scala plugin and JUnit testing
 - Improvements for build authors and plugin developers
For more details see https://docs.gradle.org/8.13/release-notes.html
To honour the JVM settings for this build a single-use Daemon process will be forked. For more on this, please refer to https://docs.gradle.org/8.13/userguide/gradle_daemon.html#sec:disabling_the_daemon in the Gradle documentation.
Daemon will be stopped at the end of the build
> Configure project :expo-gradle-plugin:expo-autolinking-plugin-shared
w: file:///home/expo/workingdir/build/LectorFlow/node_modules/expo-modules-autolinking/android/expo-gradle-plugin/expo-autolinking-plugin-shared/build.gradle.kts:32:9: The expression is unused
> Task :gradle-plugin:settings-plugin:checkKotlinGradlePluginConfigurationErrors SKIPPED
> Task :gradle-plugin:shared:checkKotlinGradlePluginConfigurationErrors SKIPPED
> Task :expo-gradle-plugin:expo-autolinking-plugin-shared:checkKotlinGradlePluginConfigurationErrors
> Task :expo-gradle-plugin:expo-autolinking-settings-plugin:checkKotlinGradlePluginConfigurationErrors
> Task :gradle-plugin:settings-plugin:pluginDescriptors
> Task :expo-gradle-plugin:expo-autolinking-settings-plugin:pluginDescriptors
> Task :expo-gradle-plugin:expo-autolinking-settings-plugin:processResources
> Task :gradle-plugin:settings-plugin:processResources
> Task :expo-gradle-plugin:expo-autolinking-plugin-shared:processResources NO-SOURCE
> Task :gradle-plugin:shared:processResources NO-SOURCE
> Task :gradle-plugin:shared:compileKotlin
e: The daemon has terminated unexpectedly on startup attempt #1 with error code: 0. The daemon process output:
    1. Kotlin compile daemon is ready
> Task :expo-gradle-plugin:expo-autolinking-plugin-shared:compileKotlin
> Task :expo-gradle-plugin:expo-autolinking-plugin-shared:compileJava NO-SOURCE
> Task :expo-gradle-plugin:expo-autolinking-plugin-shared:classes UP-TO-DATE
> Task :expo-gradle-plugin:expo-autolinking-plugin-shared:jar
> Task :gradle-plugin:shared:compileJava NO-SOURCE
> Task :gradle-plugin:shared:classes UP-TO-DATE
> Task :gradle-plugin:shared:jar
> Task :gradle-plugin:settings-plugin:compileKotlin
> Task :gradle-plugin:settings-plugin:compileJava NO-SOURCE
> Task :gradle-plugin:settings-plugin:classes
> Task :gradle-plugin:settings-plugin:jar
> Task :expo-gradle-plugin:expo-autolinking-settings-plugin:compileKotlin
> Task :expo-gradle-plugin:expo-autolinking-settings-plugin:compileJava NO-SOURCE
> Task :expo-gradle-plugin:expo-autolinking-settings-plugin:classes
> Task :expo-gradle-plugin:expo-autolinking-settings-plugin:jar
> Task :expo-gradle-plugin:expo-autolinking-plugin:checkKotlinGradlePluginConfigurationErrors
> Task :expo-dev-launcher-gradle-plugin:checkKotlinGradlePluginConfigurationErrors
> Task :expo-module-gradle-plugin:checkKotlinGradlePluginConfigurationErrors
> Task :gradle-plugin:react-native-gradle-plugin:checkKotlinGradlePluginConfigurationErrors SKIPPED
> Task :expo-dev-launcher-gradle-plugin:pluginDescriptors
> Task :expo-module-gradle-plugin:pluginDescriptors
> Task :expo-dev-launcher-gradle-plugin:processResources
> Task :expo-module-gradle-plugin:processResources
> Task :expo-gradle-plugin:expo-autolinking-plugin:pluginDescriptors
> Task :expo-gradle-plugin:expo-autolinking-plugin:processResources
> Task :gradle-plugin:react-native-gradle-plugin:pluginDescriptors
> Task :gradle-plugin:react-native-gradle-plugin:processResources
> Task :expo-gradle-plugin:expo-autolinking-plugin:compileKotlin
w: file:///home/expo/workingdir/build/LectorFlow/node_modules/expo-modules-autolinking/android/expo-gradle-plugin/expo-autolinking-plugin/src/main/kotlin/expo/modules/plugin/ExpoAutolinkingPlugin.kt:29:71 Name shadowed: project
> Task :expo-gradle-plugin:expo-autolinking-plugin:compileJava NO-SOURCE
> Task :expo-gradle-plugin:expo-autolinking-plugin:classes
> Task :expo-gradle-plugin:expo-autolinking-plugin:jar
> Task :gradle-plugin:react-native-gradle-plugin:compileKotlin
> Task :gradle-plugin:react-native-gradle-plugin:compileJava NO-SOURCE
> Task :gradle-plugin:react-native-gradle-plugin:classes
> Task :gradle-plugin:react-native-gradle-plugin:jar
> Task :expo-dev-launcher-gradle-plugin:compileKotlin
> Task :expo-dev-launcher-gradle-plugin:compileJava NO-SOURCE
> Task :expo-dev-launcher-gradle-plugin:classes
> Task :expo-dev-launcher-gradle-plugin:jar
> Task :expo-module-gradle-plugin:compileKotlin
w: file:///home/expo/workingdir/build/LectorFlow/node_modules/expo-modules-core/expo-module-gradle-plugin/src/main/kotlin/expo/modules/plugin/android/AndroidLibraryExtension.kt:9:24 'targetSdk: Int?' is deprecated. Will be removed from library DSL in v9.0. Use testOptions.targetSdk or/and lint.targetSdk instead
> Task :expo-module-gradle-plugin:compileJava NO-SOURCE
> Task :expo-module-gradle-plugin:classes
> Task :expo-module-gradle-plugin:jar
> Configure project :
[32m[ExpoRootProject][0m Using the following versions:
  - buildTools:  [32m35.0.0[0m
  - minSdk:      [32m24[0m
  - compileSdk:  [32m35[0m
  - targetSdk:   [32m35[0m
  - ndk:         [32m27.1.12297006[0m
  - kotlin:      [32m2.0.21[0m
  - ksp:         [32m2.0.21-1.0.28[0m
> Configure project :app
â„¹ï¸  [33mApplying gradle plugin[0m '[32mexpo-dev-launcher-gradle-plugin[0m'
Checking the license for package NDK (Side by side) 27.1.12297006 in /home/expo/Android/Sdk/licenses
License for package NDK (Side by side) 27.1.12297006 accepted.
Preparing "Install NDK (Side by side) 27.1.12297006 v.27.1.12297006".
"Install NDK (Side by side) 27.1.12297006 v.27.1.12297006" ready.
Installing NDK (Side by side) 27.1.12297006 in /home/expo/Android/Sdk/ndk/27.1.12297006
"Install NDK (Side by side) 27.1.12297006 v.27.1.12297006" complete.
"Install NDK (Side by side) 27.1.12297006 v.27.1.12297006" finished.
> Configure project :expo
Using expo modules
  - [32mexpo-constants[0m (17.1.7)
- [32mexpo-dev-client[0m (5.2.4)
  - [32mexpo-dev-launcher[0m (5.1.16)
  - [32mexpo-dev-menu[0m (6.1.14)
- [32mexpo-dev-menu-interface[0m (1.10.0)
- [32mexpo-json-utils[0m (0.15.0)
  - [32mexpo-manifests[0m (0.16.6)
- [32mexpo-modules-core[0m (2.5.0)
- [32mexpo-updates-interface[0m (1.1.0)
- [33m[ðŸ“¦][0m [32mexpo-application[0m (6.1.5)
  - [33m[ðŸ“¦][0m [32mexpo-asset[0m (11.1.7)
  - [33m[ðŸ“¦][0m [32mexpo-blur[0m (14.1.5)
  - [33m[ðŸ“¦][0m [32mexpo-crypto[0m (14.1.5)
  - [33m[ðŸ“¦][0m [32mexpo-document-picker[0m (13.1.6)
- [33m[ðŸ“¦][0m [32mexpo-file-system[0m (18.1.11)
  - [33m[ðŸ“¦][0m [32mexpo-font[0m (13.3.2)
  - [33m[ðŸ“¦][0m [32mexpo-haptics[0m (14.1.4)
  - [33m[ðŸ“¦][0m [32mexpo-image[0m (2.4.0)
  - [33m[ðŸ“¦][0m [32mexpo-keep-awake[0m (14.1.4)
- [33m[ðŸ“¦][0m [32mexpo-linear-gradient[0m (14.1.5)
  - [33m[ðŸ“¦][0m [32mexpo-linking[0m (7.1.7)
  - [33m[ðŸ“¦][0m [32mexpo-sharing[0m (13.1.5)
  - [33m[ðŸ“¦][0m [32mexpo-splash-screen[0m (0.30.10)
  - [33m[ðŸ“¦][0m [32mexpo-system-ui[0m (5.0.10)
  - [33m[ðŸ“¦][0m [32mexpo-web-browser[0m (14.2.0)
[Incubating] Problems report is available at: file:///home/expo/workingdir/build/LectorFlow/android/build/reports/problems/problems-report.html
FAILURE: Build failed with an exception.
* What went wrong:
Could not determine the dependencies of task ':app:lintVitalReportRelease'.
> Could not resolve all dependencies for configuration ':app:releaseCompileClasspath'.
   > Could not resolve project :react-native-async-storage_async-storage.
     Required by:
         project :app
      > No matching variant of project :react-native-async-storage_async-storage was found. The consumer was configured to find a library for use during compile-time, preferably optimized for Android, as well as attribute 'com.android.build.api.attributes.AgpVersionAttr' with value '8.8.2', attribute 'com.android.build.api.attributes.BuildTypeAttr' with value 'release', attribute 'org.jetbrains.kotlin.platform.type' with value 'androidJvm' but:
          - No variants exist.
   > Could not resolve project :react-native-google-signin_google-signin.
     Required by:
         project :app
      > No matching variant of project :react-native-google-signin_google-signin was found. The consumer was configured to find a library for use during compile-time, preferably optimized for Android, as well as attribute 'com.android.build.api.attributes.AgpVersionAttr' with value '8.8.2', attribute 'com.android.build.api.attributes.BuildTypeAttr' with value 'release', attribute 'org.jetbrains.kotlin.platform.type' with value 'androidJvm' but:
          - No variants exist.
   > Could not resolve project :react-native-safe-area-context.
     Required by:
project :app
      > No matching variant of project :react-native-safe-area-context was found. The consumer was configured to find a library for use during compile-time, preferably optimized for Android, as well as attribute 'com.android.build.api.attributes.AgpVersionAttr' with value '8.8.2', attribute 'com.android.build.api.attributes.BuildTypeAttr' with value 'release', attribute 'org.jetbrains.kotlin.platform.type' with value 'androidJvm' but:
          - No variants exist.
   > Could not resolve project :react-native-screens.
     Required by:
         project :app
      > No matching variant of project :react-native-screens was found. The consumer was configured to find a library for use during compile-time, preferably optimized for Android, as well as attribute 'com.android.build.api.attributes.AgpVersionAttr' with value '8.8.2', attribute 'com.android.build.api.attributes.BuildTypeAttr' with value 'release', attribute 'org.jetbrains.kotlin.platform.type' with value 'androidJvm' but:
          - No variants exist.
   > Could not resolve project :react-native-svg.
     Required by:
         project :app
      > No matching variant of project :react-native-svg was found. The consumer was configured to find a library for use during compile-time, preferably optimized for Android, as well as attribute 'com.android.build.api.attributes.AgpVersionAttr' with value '8.8.2', attribute 'com.android.build.api.attributes.BuildTypeAttr' with value 'release', attribute 'org.jetbrains.kotlin.platform.type' with value 'androidJvm' but:
          - No variants exist.
   > Could not resolve project :react-native-webview.
     Required by:
         project :app
      > No matching variant of project :react-native-webview was found. The consumer was configured to find a library for use during compile-time, preferably optimized for Android, as well as attribute 'com.android.build.api.attributes.AgpVersionAttr' with value '8.8.2', attribute 'com.android.build.api.attributes.BuildTypeAttr' with value 'release', attribute 'org.jetbrains.kotlin.platform.type' with value 'androidJvm' but:
          - No variants exist.
* Try:
> Creating consumable variants is explained in more detail at https://docs.gradle.org/8.13/userguide/declaring_dependencies.html#sec:resolvable-consumable-configs.
> Review the variant matching algorithm at https://docs.gradle.org/8.13/userguide/variant_attributes.html#sec:abm_algorithm.
> Run with --stacktrace option to get the stack trace.
> Run with --info or --debug option to get more log output.
> Run with --scan to get full insights.
> Get more help at https://help.gradle.org.
BUILD FAILED in 2m 4s
Deprecated Gradle features were used in this build, making it incompatible with Gradle 9.0.
You can use '--warning-mode all' to show the individual deprecation warnings and determine if they come from your own scripts or plugins.
For more on this, please refer to https://docs.gradle.org/8.13/userguide/command_line_interface.html#sec:command_line_warnings in the Gradle documentation.
33 actionable tasks: 33 executed
Error: Gradle build failed with unknown error. See logs for the "Run gradlew" phase for more information.